# JRE version: Java(TM) SE Runtime Environment (8.0_172-b11) (build 1.8.0_172-b11)
# Java VM: Java HotSpot(TM) 64-Bit Server VM (25.172-b11 mixed mode windows-amd64 compressed oops)
Heap:
 PSYoungGen      total 499712K, used 310161K [0x00000000d6100000, 0x00000000f8200000, 0x0000000100000000)
  eden space 495616K, 62% used [0x00000000d6100000,0x00000000e8fe44e8,0x00000000f4500000)
  from space 4096K, 0% used [0x00000000f5f00000,0x00000000f5f00000,0x00000000f6300000)
  to   space 22528K, 0% used [0x00000000f6c00000,0x00000000f6c00000,0x00000000f8200000)
 ParOldGen       total 140288K, used 36332K [0x0000000082200000, 0x000000008ab00000, 0x00000000d6100000)
  object space 140288K, 25% used [0x0000000082200000,0x000000008457b080,0x000000008ab00000)
 Metaspace       used 62440K, capacity 65122K, committed 65408K, reserved 1105920K
  class space    used 7745K, capacity 8259K, committed 8320K, reserved 1048576K
GC Heap History (10 events):
Event: 11.311 GC heap before
{Heap before GC invocations=13 (full 2):
 PSYoungGen      total 433664K, used 292936K [0x00000000d6100000, 0x00000000f1f80000, 0x0000000100000000)
  eden space 415232K, 66% used [0x00000000d6100000,0x00000000e6d159e8,0x00000000ef680000)
  from space 18432K, 99% used [0x00000000f0d00000,0x00000000f1efc8f8,0x00000000f1f00000)
  to   space 20992K, 0% used [0x00000000ef680000,0x00000000ef680000,0x00000000f0b00000)
 ParOldGen       total 94208K, used 23403K [0x0000000082200000, 0x0000000087e00000, 0x00000000d6100000)
  object space 94208K, 24% used [0x0000000082200000,0x00000000838dad20,0x0000000087e00000)
 Metaspace       used 56437K, capacity 58932K, committed 59096K, reserved 1101824K
  class space    used 6982K, capacity 7459K, committed 7552K, reserved 1048576K
Event: 11.335 GC heap after
Heap after GC invocations=13 (full 2):
 PSYoungGen      total 436224K, used 18887K [0x00000000d6100000, 0x00000000f9800000, 0x0000000100000000)
  eden space 415232K, 0% used [0x00000000d6100000,0x00000000d6100000,0x00000000ef680000)
  from space 20992K, 89% used [0x00000000ef680000,0x00000000f08f1e00,0x00000000f0b00000)
  to   space 23040K, 0% used [0x00000000f8180000,0x00000000f8180000,0x00000000f9800000)
 ParOldGen       total 94208K, used 30983K [0x0000000082200000, 0x0000000087e00000, 0x00000000d6100000)
  object space 94208K, 32% used [0x0000000082200000,0x0000000084041f40,0x0000000087e00000)
 Metaspace       used 56437K, capacity 58932K, committed 59096K, reserved 1101824K
  class space    used 6982K, capacity 7459K, committed 7552K, reserved 1048576K
}
Event: 11.335 GC heap before
{Heap before GC invocations=14 (full 3):
 PSYoungGen      total 436224K, used 18887K [0x00000000d6100000, 0x00000000f9800000, 0x0000000100000000)
  eden space 415232K, 0% used [0x00000000d6100000,0x00000000d6100000,0x00000000ef680000)
  from space 20992K, 89% used [0x00000000ef680000,0x00000000f08f1e00,0x00000000f0b00000)
  to   space 23040K, 0% used [0x00000000f8180000,0x00000000f8180000,0x00000000f9800000)
 ParOldGen       total 94208K, used 30983K [0x0000000082200000, 0x0000000087e00000, 0x00000000d6100000)
  object space 94208K, 32% used [0x0000000082200000,0x0000000084041f40,0x0000000087e00000)
 Metaspace       used 56437K, capacity 58932K, committed 59096K, reserved 1101824K
  class space    used 6982K, capacity 7459K, committed 7552K, reserved 1048576K
Event: 11.565 GC heap after
Heap after GC invocations=14 (full 3):
 PSYoungGen      total 436224K, used 0K [0x00000000d6100000, 0x00000000f9800000, 0x0000000100000000)
  eden space 415232K, 0% used [0x00000000d6100000,0x00000000d6100000,0x00000000ef680000)
  from space 20992K, 0% used [0x00000000ef680000,0x00000000ef680000,0x00000000f0b00000)
  to   space 23040K, 0% used [0x00000000f8180000,0x00000000f8180000,0x00000000f9800000)
 ParOldGen       total 140288K, used 42824K [0x0000000082200000, 0x000000008ab00000, 0x00000000d6100000)
  object space 140288K, 30% used [0x0000000082200000,0x0000000084bd21a0,0x000000008ab00000)
 Metaspace       used 56308K, capacity 58728K, committed 59096K, reserved 1101824K
  class space    used 6963K, capacity 7425K, committed 7552K, reserved 1048576K
}
Event: 58.104 GC heap before
{Heap before GC invocations=15 (full 3):
 PSYoungGen      total 436224K, used 415232K [0x00000000d6100000, 0x00000000f9800000, 0x0000000100000000)
  eden space 415232K, 100% used [0x00000000d6100000,0x00000000ef680000,0x00000000ef680000)
  from space 20992K, 0% used [0x00000000ef680000,0x00000000ef680000,0x00000000f0b00000)
  to   space 23040K, 0% used [0x00000000f8180000,0x00000000f8180000,0x00000000f9800000)
 ParOldGen       total 140288K, used 42824K [0x0000000082200000, 0x000000008ab00000, 0x00000000d6100000)
  object space 140288K, 30% used [0x0000000082200000,0x0000000084bd21a0,0x000000008ab00000)
 Metaspace       used 61532K, capacity 64264K, committed 64512K, reserved 1105920K
  class space    used 7625K, capacity 8137K, committed 8192K, reserved 1048576K
Event: 58.117 GC heap after
Heap after GC invocations=15 (full 3):
 PSYoungGen      total 505344K, used 9247K [0x00000000d6100000, 0x00000000f8b00000, 0x0000000100000000)
  eden space 495616K, 0% used [0x00000000d6100000,0x00000000d6100000,0x00000000f4500000)
  from space 9728K, 95% used [0x00000000f8180000,0x00000000f8a87e20,0x00000000f8b00000)
  to   space 22528K, 0% used [0x00000000f5f00000,0x00000000f5f00000,0x00000000f7500000)
 ParOldGen       total 140288K, used 42832K [0x0000000082200000, 0x000000008ab00000, 0x00000000d6100000)
  object space 140288K, 30% used [0x0000000082200000,0x0000000084bd41a0,0x000000008ab00000)
 Metaspace       used 61532K, capacity 64264K, committed 64512K, reserved 1105920K
  class space    used 7625K, capacity 8137K, committed 8192K, reserved 1048576K
}
Event: 88.709 GC heap before
{Heap before GC invocations=16 (full 3):
 PSYoungGen      total 505344K, used 183959K [0x00000000d6100000, 0x00000000f8b00000, 0x0000000100000000)
  eden space 495616K, 35% used [0x00000000d6100000,0x00000000e0b9e190,0x00000000f4500000)
  from space 9728K, 95% used [0x00000000f8180000,0x00000000f8a87e20,0x00000000f8b00000)
  to   space 22528K, 0% used [0x00000000f5f00000,0x00000000f5f00000,0x00000000f7500000)
 ParOldGen       total 140288K, used 42832K [0x0000000082200000, 0x000000008ab00000, 0x00000000d6100000)
  object space 140288K, 30% used [0x0000000082200000,0x0000000084bd41a0,0x000000008ab00000)
 Metaspace       used 61603K, capacity 64376K, committed 64512K, reserved 1105920K
  class space    used 7638K, capacity 8148K, committed 8192K, reserved 1048576K
Event: 88.715 GC heap after
Heap after GC invocations=16 (full 3):
 PSYoungGen      total 499712K, used 3856K [0x00000000d6100000, 0x00000000f8200000, 0x0000000100000000)
  eden space 495616K, 0% used [0x00000000d6100000,0x00000000d6100000,0x00000000f4500000)
  from space 4096K, 94% used [0x00000000f5f00000,0x00000000f62c4020,0x00000000f6300000)
  to   space 22528K, 0% used [0x00000000f6c00000,0x00000000f6c00000,0x00000000f8200000)
 ParOldGen       total 140288K, used 42840K [0x0000000082200000, 0x000000008ab00000, 0x00000000d6100000)
  object space 140288K, 30% used [0x0000000082200000,0x0000000084bd61a0,0x000000008ab00000)
 Metaspace       used 61603K, capacity 64376K, committed 64512K, reserved 1105920K
  class space    used 7638K, capacity 8148K, committed 8192K, reserved 1048576K
}
Event: 88.715 GC heap before
{Heap before GC invocations=17 (full 4):
 PSYoungGen      total 499712K, used 3856K [0x00000000d6100000, 0x00000000f8200000, 0x0000000100000000)
  eden space 495616K, 0% used [0x00000000d6100000,0x00000000d6100000,0x00000000f4500000)
  from space 4096K, 94% used [0x00000000f5f00000,0x00000000f62c4020,0x00000000f6300000)
  to   space 22528K, 0% used [0x00000000f6c00000,0x00000000f6c00000,0x00000000f8200000)
 ParOldGen       total 140288K, used 42840K [0x0000000082200000, 0x000000008ab00000, 0x00000000d6100000)
  object space 140288K, 30% used [0x0000000082200000,0x0000000084bd61a0,0x000000008ab00000)
 Metaspace       used 61603K, capacity 64376K, committed 64512K, reserved 1105920K
  class space    used 7638K, capacity 8148K, committed 8192K, reserved 1048576K
Event: 88.913 GC heap after
Heap after GC invocations=17 (full 4):
 PSYoungGen      total 499712K, used 0K [0x00000000d6100000, 0x00000000f8200000, 0x0000000100000000)
  eden space 495616K, 0% used [0x00000000d6100000,0x00000000d6100000,0x00000000f4500000)
  from space 4096K, 0% used [0x00000000f5f00000,0x00000000f5f00000,0x00000000f6300000)
  to   space 22528K, 0% used [0x00000000f6c00000,0x00000000f6c00000,0x00000000f8200000)
 ParOldGen       total 140288K, used 36332K [0x0000000082200000, 0x000000008ab00000, 0x00000000d6100000)
  object space 140288K, 25% used [0x0000000082200000,0x000000008457b080,0x000000008ab00000)
 Metaspace       used 61548K, capacity 64230K, committed 64512K, reserved 1105920K
  class space    used 7619K, capacity 8117K, committed 8192K, reserved 1048576K
}

