# JRE version: Java(TM) SE Runtime Environment (8.0_172-b11) (build 1.8.0_172-b11)
# Java VM: Java HotSpot(TM) 64-Bit Server VM (25.172-b11 mixed mode windows-amd64 compressed oops)
Heap:
 PSYoungGen      total 608256K, used 5513K [0x00000000d6100000, 0x0000000100000000, 0x0000000100000000)
  eden space 591872K, 0% used [0x00000000d6100000,0x00000000d662a428,0x00000000fa300000)
  from space 16384K, 1% used [0x00000000fa300000,0x00000000fa338000,0x00000000fb300000)
  to   space 17408K, 0% used [0x00000000fef00000,0x00000000fef00000,0x0000000100000000)
 ParOldGen       total 117760K, used 47774K [0x0000000082200000, 0x0000000089500000, 0x00000000d6100000)
  object space 117760K, 40% used [0x0000000082200000,0x00000000850a7968,0x0000000089500000)
 Metaspace       used 61919K, capacity 64506K, committed 64768K, reserved 1105920K
  class space    used 7680K, capacity 8139K, committed 8192K, reserved 1048576K
GC Heap History (10 events):
Event: 10.796 GC heap before
{Heap before GC invocations=14 (full 2):
 PSYoungGen      total 325632K, used 324775K [0x00000000d6100000, 0x00000000f2f00000, 0x0000000100000000)
  eden space 310784K, 100% used [0x00000000d6100000,0x00000000e9080000,0x00000000e9080000)
  from space 14848K, 94% used [0x00000000e9080000,0x00000000e9e29cc0,0x00000000e9f00000)
  to   space 16384K, 0% used [0x00000000f1f00000,0x00000000f1f00000,0x00000000f2f00000)
 ParOldGen       total 77312K, used 19683K [0x0000000082200000, 0x0000000086d80000, 0x00000000d6100000)
  object space 77312K, 25% used [0x0000000082200000,0x0000000083538fe0,0x0000000086d80000)
 Metaspace       used 48117K, capacity 50074K, committed 50432K, reserved 1093632K
  class space    used 6172K, capacity 6537K, committed 6656K, reserved 1048576K
Event: 10.820 GC heap after
Heap after GC invocations=14 (full 2):
 PSYoungGen      total 446464K, used 10072K [0x00000000d6100000, 0x00000000f2a00000, 0x0000000100000000)
  eden space 435200K, 0% used [0x00000000d6100000,0x00000000d6100000,0x00000000f0a00000)
  from space 11264K, 89% used [0x00000000f1f00000,0x00000000f28d6320,0x00000000f2a00000)
  to   space 16384K, 0% used [0x00000000f0a00000,0x00000000f0a00000,0x00000000f1a00000)
 ParOldGen       total 77312K, used 27368K [0x0000000082200000, 0x0000000086d80000, 0x00000000d6100000)
  object space 77312K, 35% used [0x0000000082200000,0x0000000083cba298,0x0000000086d80000)
 Metaspace       used 48117K, capacity 50074K, committed 50432K, reserved 1093632K
  class space    used 6172K, capacity 6537K, committed 6656K, reserved 1048576K
}
Event: 12.782 GC heap before
{Heap before GC invocations=15 (full 2):
 PSYoungGen      total 446464K, used 324246K [0x00000000d6100000, 0x00000000f2a00000, 0x0000000100000000)
  eden space 435200K, 72% used [0x00000000d6100000,0x00000000e93cf650,0x00000000f0a00000)
  from space 11264K, 89% used [0x00000000f1f00000,0x00000000f28d6320,0x00000000f2a00000)
  to   space 16384K, 0% used [0x00000000f0a00000,0x00000000f0a00000,0x00000000f1a00000)
 ParOldGen       total 77312K, used 27368K [0x0000000082200000, 0x0000000086d80000, 0x00000000d6100000)
  object space 77312K, 35% used [0x0000000082200000,0x0000000083cba298,0x0000000086d80000)
 Metaspace       used 56591K, capacity 58982K, committed 59096K, reserved 1101824K
  class space    used 7012K, capacity 7472K, committed 7552K, reserved 1048576K
Event: 12.800 GC heap after
Heap after GC invocations=15 (full 2):
 PSYoungGen      total 451584K, used 13817K [0x00000000d6100000, 0x00000000fca80000, 0x0000000100000000)
  eden space 435200K, 0% used [0x00000000d6100000,0x00000000d6100000,0x00000000f0a00000)
  from space 16384K, 84% used [0x00000000f0a00000,0x00000000f177e7e0,0x00000000f1a00000)
  to   space 17408K, 0% used [0x00000000fb980000,0x00000000fb980000,0x00000000fca80000)
 ParOldGen       total 77312K, used 33683K [0x0000000082200000, 0x0000000086d80000, 0x00000000d6100000)
  object space 77312K, 43% used [0x0000000082200000,0x00000000842e4e20,0x0000000086d80000)
 Metaspace       used 56591K, capacity 58982K, committed 59096K, reserved 1101824K
  class space    used 7012K, capacity 7472K, committed 7552K, reserved 1048576K
}
Event: 12.800 GC heap before
{Heap before GC invocations=16 (full 3):
 PSYoungGen      total 451584K, used 13817K [0x00000000d6100000, 0x00000000fca80000, 0x0000000100000000)
  eden space 435200K, 0% used [0x00000000d6100000,0x00000000d6100000,0x00000000f0a00000)
  from space 16384K, 84% used [0x00000000f0a00000,0x00000000f177e7e0,0x00000000f1a00000)
  to   space 17408K, 0% used [0x00000000fb980000,0x00000000fb980000,0x00000000fca80000)
 ParOldGen       total 77312K, used 33683K [0x0000000082200000, 0x0000000086d80000, 0x00000000d6100000)
  object space 77312K, 43% used [0x0000000082200000,0x00000000842e4e20,0x0000000086d80000)
 Metaspace       used 56591K, capacity 58982K, committed 59096K, reserved 1101824K
  class space    used 7012K, capacity 7472K, committed 7552K, reserved 1048576K
Event: 12.983 GC heap after
Heap after GC invocations=16 (full 3):
 PSYoungGen      total 451584K, used 0K [0x00000000d6100000, 0x00000000fca80000, 0x0000000100000000)
  eden space 435200K, 0% used [0x00000000d6100000,0x00000000d6100000,0x00000000f0a00000)
  from space 16384K, 0% used [0x00000000f0a00000,0x00000000f0a00000,0x00000000f1a00000)
  to   space 17408K, 0% used [0x00000000fb980000,0x00000000fb980000,0x00000000fca80000)
 ParOldGen       total 117760K, used 43601K [0x0000000082200000, 0x0000000089500000, 0x00000000d6100000)
  object space 117760K, 37% used [0x0000000082200000,0x0000000084c94688,0x0000000089500000)
 Metaspace       used 56466K, capacity 58784K, committed 59096K, reserved 1101824K
  class space    used 6993K, capacity 7439K, committed 7552K, reserved 1048576K
}
Event: 63.097 GC heap before
{Heap before GC invocations=17 (full 3):
 PSYoungGen      total 451584K, used 435200K [0x00000000d6100000, 0x00000000fca80000, 0x0000000100000000)
  eden space 435200K, 100% used [0x00000000d6100000,0x00000000f0a00000,0x00000000f0a00000)
  from space 16384K, 0% used [0x00000000f0a00000,0x00000000f0a00000,0x00000000f1a00000)
  to   space 17408K, 0% used [0x00000000fb980000,0x00000000fb980000,0x00000000fca80000)
 ParOldGen       total 117760K, used 43601K [0x0000000082200000, 0x0000000089500000, 0x00000000d6100000)
  object space 117760K, 37% used [0x0000000082200000,0x0000000084c94688,0x0000000089500000)
 Metaspace       used 61867K, capacity 64412K, committed 64512K, reserved 1105920K
  class space    used 7670K, capacity 8131K, committed 8192K, reserved 1048576K
Event: 63.110 GC heap after
Heap after GC invocations=17 (full 3):
 PSYoungGen      total 574976K, used 9300K [0x00000000d6100000, 0x00000000fc300000, 0x0000000100000000)
  eden space 565248K, 0% used [0x00000000d6100000,0x00000000d6100000,0x00000000f8900000)
  from space 9728K, 95% used [0x00000000fb980000,0x00000000fc295080,0x00000000fc300000)
  to   space 16384K, 0% used [0x00000000fa300000,0x00000000fa300000,0x00000000fb300000)
 ParOldGen       total 117760K, used 43609K [0x0000000082200000, 0x0000000089500000, 0x00000000d6100000)
  object space 117760K, 37% used [0x0000000082200000,0x0000000084c96688,0x0000000089500000)
 Metaspace       used 61867K, capacity 64412K, committed 64512K, reserved 1105920K
  class space    used 7670K, capacity 8131K, committed 8192K, reserved 1048576K
}
Event: 173.350 GC heap before
{Heap before GC invocations=18 (full 3):
 PSYoungGen      total 574976K, used 574548K [0x00000000d6100000, 0x00000000fc300000, 0x0000000100000000)
  eden space 565248K, 100% used [0x00000000d6100000,0x00000000f8900000,0x00000000f8900000)
  from space 9728K, 95% used [0x00000000fb980000,0x00000000fc295080,0x00000000fc300000)
  to   space 16384K, 0% used [0x00000000fa300000,0x00000000fa300000,0x00000000fb300000)
 ParOldGen       total 117760K, used 43609K [0x0000000082200000, 0x0000000089500000, 0x00000000d6100000)
  object space 117760K, 37% used [0x0000000082200000,0x0000000084c96688,0x0000000089500000)
 Metaspace       used 61910K, capacity 64500K, committed 64768K, reserved 1105920K
  class space    used 7678K, capacity 8137K, committed 8192K, reserved 1048576K
Event: 173.359 GC heap after
Heap after GC invocations=18 (full 3):
 PSYoungGen      total 608256K, used 224K [0x00000000d6100000, 0x0000000100000000, 0x0000000100000000)
  eden space 591872K, 0% used [0x00000000d6100000,0x00000000d6100000,0x00000000fa300000)
  from space 16384K, 1% used [0x00000000fa300000,0x00000000fa338000,0x00000000fb300000)
  to   space 17408K, 0% used [0x00000000fef00000,0x00000000fef00000,0x0000000100000000)
 ParOldGen       total 117760K, used 47774K [0x0000000082200000, 0x0000000089500000, 0x00000000d6100000)
  object space 117760K, 40% used [0x0000000082200000,0x00000000850a7968,0x0000000089500000)
 Metaspace       used 61910K, capacity 64500K, committed 64768K, reserved 1105920K
  class space    used 7678K, capacity 8137K, committed 8192K, reserved 1048576K
}

