# JRE version: Java(TM) SE Runtime Environment (8.0_172-b11) (build 1.8.0_172-b11)
# Java VM: Java HotSpot(TM) 64-Bit Server VM (25.172-b11 mixed mode windows-amd64 compressed oops)
Heap:
 PSYoungGen      total 581120K, used 311390K [0x00000000d6100000, 0x00000000fbe00000, 0x0000000100000000)
  eden space 573440K, 54% used [0x00000000d6100000,0x00000000e9117988,0x00000000f9100000)
  from space 7680K, 0% used [0x00000000fb680000,0x00000000fb680000,0x00000000fbe00000)
  to   space 16384K, 0% used [0x00000000f9e00000,0x00000000f9e00000,0x00000000fae00000)
 ParOldGen       total 117760K, used 39547K [0x0000000082200000, 0x0000000089500000, 0x00000000d6100000)
  object space 117760K, 33% used [0x0000000082200000,0x000000008489eff8,0x0000000089500000)
 Metaspace       used 62090K, capacity 64794K, committed 64920K, reserved 1105920K
  class space    used 7745K, capacity 8259K, committed 8368K, reserved 1048576K
GC Heap History (10 events):
Event: 10.498 GC heap before
{Heap before GC invocations=14 (full 2):
 PSYoungGen      total 330240K, used 329263K [0x00000000d6100000, 0x00000000f3200000, 0x0000000100000000)
  eden space 315392K, 100% used [0x00000000d6100000,0x00000000e9500000,0x00000000e9500000)
  from space 14848K, 93% used [0x00000000e9500000,0x00000000ea28bd60,0x00000000ea380000)
  to   space 16384K, 0% used [0x00000000f2200000,0x00000000f2200000,0x00000000f3200000)
 ParOldGen       total 76800K, used 19857K [0x0000000082200000, 0x0000000086d00000, 0x00000000d6100000)
  object space 76800K, 25% used [0x0000000082200000,0x0000000083564540,0x0000000086d00000)
 Metaspace       used 48550K, capacity 50616K, committed 50992K, reserved 1093632K
  class space    used 6223K, capacity 6580K, committed 6704K, reserved 1048576K
Event: 10.519 GC heap after
Heap after GC invocations=14 (full 2):
 PSYoungGen      total 448000K, used 10711K [0x00000000d6100000, 0x00000000f2c80000, 0x0000000100000000)
  eden space 437248K, 0% used [0x00000000d6100000,0x00000000d6100000,0x00000000f0c00000)
  from space 10752K, 99% used [0x00000000f2200000,0x00000000f2c75db8,0x00000000f2c80000)
  to   space 16384K, 0% used [0x00000000f0c80000,0x00000000f0c80000,0x00000000f1c80000)
 ParOldGen       total 76800K, used 27610K [0x0000000082200000, 0x0000000086d00000, 0x00000000d6100000)
  object space 76800K, 35% used [0x0000000082200000,0x0000000083cf6808,0x0000000086d00000)
 Metaspace       used 48550K, capacity 50616K, committed 50992K, reserved 1093632K
  class space    used 6223K, capacity 6580K, committed 6704K, reserved 1048576K
}
Event: 12.415 GC heap before
{Heap before GC invocations=15 (full 2):
 PSYoungGen      total 448000K, used 302862K [0x00000000d6100000, 0x00000000f2c80000, 0x0000000100000000)
  eden space 437248K, 66% used [0x00000000d6100000,0x00000000e7e4de20,0x00000000f0c00000)
  from space 10752K, 99% used [0x00000000f2200000,0x00000000f2c75db8,0x00000000f2c80000)
  to   space 16384K, 0% used [0x00000000f0c80000,0x00000000f0c80000,0x00000000f1c80000)
 ParOldGen       total 76800K, used 27610K [0x0000000082200000, 0x0000000086d00000, 0x00000000d6100000)
  object space 76800K, 35% used [0x0000000082200000,0x0000000083cf6808,0x0000000086d00000)
 Metaspace       used 56549K, capacity 59060K, committed 59160K, reserved 1101824K
  class space    used 6993K, capacity 7459K, committed 7472K, reserved 1048576K
Event: 12.433 GC heap after
Heap after GC invocations=15 (full 2):
 PSYoungGen      total 454144K, used 12607K [0x00000000d6100000, 0x00000000fc700000, 0x0000000100000000)
  eden space 437760K, 0% used [0x00000000d6100000,0x00000000d6100000,0x00000000f0c80000)
  from space 16384K, 76% used [0x00000000f0c80000,0x00000000f18cfdd0,0x00000000f1c80000)
  to   space 16896K, 0% used [0x00000000fb680000,0x00000000fb680000,0x00000000fc700000)
 ParOldGen       total 76800K, used 34188K [0x0000000082200000, 0x0000000086d00000, 0x00000000d6100000)
  object space 76800K, 44% used [0x0000000082200000,0x00000000843633d0,0x0000000086d00000)
 Metaspace       used 56549K, capacity 59060K, committed 59160K, reserved 1101824K
  class space    used 6993K, capacity 7459K, committed 7472K, reserved 1048576K
}
Event: 12.433 GC heap before
{Heap before GC invocations=16 (full 3):
 PSYoungGen      total 454144K, used 12607K [0x00000000d6100000, 0x00000000fc700000, 0x0000000100000000)
  eden space 437760K, 0% used [0x00000000d6100000,0x00000000d6100000,0x00000000f0c80000)
  from space 16384K, 76% used [0x00000000f0c80000,0x00000000f18cfdd0,0x00000000f1c80000)
  to   space 16896K, 0% used [0x00000000fb680000,0x00000000fb680000,0x00000000fc700000)
 ParOldGen       total 76800K, used 34188K [0x0000000082200000, 0x0000000086d00000, 0x00000000d6100000)
  object space 76800K, 44% used [0x0000000082200000,0x00000000843633d0,0x0000000086d00000)
 Metaspace       used 56549K, capacity 59060K, committed 59160K, reserved 1101824K
  class space    used 6993K, capacity 7459K, committed 7472K, reserved 1048576K
Event: 12.636 GC heap after
Heap after GC invocations=16 (full 3):
 PSYoungGen      total 454144K, used 0K [0x00000000d6100000, 0x00000000fc700000, 0x0000000100000000)
  eden space 437760K, 0% used [0x00000000d6100000,0x00000000d6100000,0x00000000f0c80000)
  from space 16384K, 0% used [0x00000000f0c80000,0x00000000f0c80000,0x00000000f1c80000)
  to   space 16896K, 0% used [0x00000000fb680000,0x00000000fb680000,0x00000000fc700000)
 ParOldGen       total 117760K, used 42988K [0x0000000082200000, 0x0000000089500000, 0x00000000d6100000)
  object space 117760K, 36% used [0x0000000082200000,0x0000000084bfb170,0x0000000089500000)
 Metaspace       used 56421K, capacity 58856K, committed 59160K, reserved 1101824K
  class space    used 6974K, capacity 7425K, committed 7472K, reserved 1048576K
}
Event: 46.962 GC heap before
{Heap before GC invocations=17 (full 3):
 PSYoungGen      total 454144K, used 371415K [0x00000000d6100000, 0x00000000fc700000, 0x0000000100000000)
  eden space 437760K, 84% used [0x00000000d6100000,0x00000000ecbb5e68,0x00000000f0c80000)
  from space 16384K, 0% used [0x00000000f0c80000,0x00000000f0c80000,0x00000000f1c80000)
  to   space 16896K, 0% used [0x00000000fb680000,0x00000000fb680000,0x00000000fc700000)
 ParOldGen       total 117760K, used 42988K [0x0000000082200000, 0x0000000089500000, 0x00000000d6100000)
  object space 117760K, 36% used [0x0000000082200000,0x0000000084bfb170,0x0000000089500000)
 Metaspace       used 61234K, capacity 63978K, committed 64280K, reserved 1105920K
  class space    used 7628K, capacity 8133K, committed 8240K, reserved 1048576K
Event: 46.975 GC heap after
Heap after GC invocations=17 (full 3):
 PSYoungGen      total 581120K, used 7306K [0x00000000d6100000, 0x00000000fbe00000, 0x0000000100000000)
  eden space 573440K, 0% used [0x00000000d6100000,0x00000000d6100000,0x00000000f9100000)
  from space 7680K, 95% used [0x00000000fb680000,0x00000000fbda2808,0x00000000fbe00000)
  to   space 16384K, 0% used [0x00000000f9e00000,0x00000000f9e00000,0x00000000fae00000)
 ParOldGen       total 117760K, used 42996K [0x0000000082200000, 0x0000000089500000, 0x00000000d6100000)
  object space 117760K, 36% used [0x0000000082200000,0x0000000084bfd170,0x0000000089500000)
 Metaspace       used 61234K, capacity 63978K, committed 64280K, reserved 1105920K
  class space    used 7628K, capacity 8133K, committed 8240K, reserved 1048576K
}
Event: 46.975 GC heap before
{Heap before GC invocations=18 (full 4):
 PSYoungGen      total 581120K, used 7306K [0x00000000d6100000, 0x00000000fbe00000, 0x0000000100000000)
  eden space 573440K, 0% used [0x00000000d6100000,0x00000000d6100000,0x00000000f9100000)
  from space 7680K, 95% used [0x00000000fb680000,0x00000000fbda2808,0x00000000fbe00000)
  to   space 16384K, 0% used [0x00000000f9e00000,0x00000000f9e00000,0x00000000fae00000)
 ParOldGen       total 117760K, used 42996K [0x0000000082200000, 0x0000000089500000, 0x00000000d6100000)
  object space 117760K, 36% used [0x0000000082200000,0x0000000084bfd170,0x0000000089500000)
 Metaspace       used 61234K, capacity 63978K, committed 64280K, reserved 1105920K
  class space    used 7628K, capacity 8133K, committed 8240K, reserved 1048576K
Event: 47.144 GC heap after
Heap after GC invocations=18 (full 4):
 PSYoungGen      total 581120K, used 0K [0x00000000d6100000, 0x00000000fbe00000, 0x0000000100000000)
  eden space 573440K, 0% used [0x00000000d6100000,0x00000000d6100000,0x00000000f9100000)
  from space 7680K, 0% used [0x00000000fb680000,0x00000000fb680000,0x00000000fbe00000)
  to   space 16384K, 0% used [0x00000000f9e00000,0x00000000f9e00000,0x00000000fae00000)
 ParOldGen       total 117760K, used 39547K [0x0000000082200000, 0x0000000089500000, 0x00000000d6100000)
  object space 117760K, 33% used [0x0000000082200000,0x000000008489eff8,0x0000000089500000)
 Metaspace       used 61206K, capacity 63902K, committed 64280K, reserved 1105920K
  class space    used 7618K, capacity 8117K, committed 8240K, reserved 1048576K
}

